<?xml version="1.0" encoding="UTF-8"?>
<!-- Generated by org.testng.reporters.JUnitXMLReporter -->
<testsuite ignored="0" hostname="DESKTOP-J8HHU4P" failures="0" tests="3" name="Surefire test" time="34.003" errors="0" timestamp="2024-09-19T06:25:26 BDT">
  <testcase classname="com.qacart.todo.testCases.UserTest" name="shouldBeAbleToRegisterToTheApplication" time="9.919"/>
  <testcase classname="com.qacart.todo.testCases.TodoTest" name="shouldBeAbleToAddATodo" time="21.064"/>
  <testcase classname="com.qacart.todo.testCases.TodoTest" name="shouldBeAbleToDeleteTodo" time="22.047"/>
</testsuite> <!-- Surefire test -->
