<?xml version="1.0" encoding="UTF-8"?>
<testng-results ignored="0" total="3" passed="3" failed="0" skipped="0">
  <reporter-output>
  </reporter-output>
  <suite started-at="2024-08-03T23:24:56 BDT" name="Surefire suite" finished-at="2024-08-03T23:25:33 BDT" duration-ms="36976">
    <groups>
    </groups>
    <test started-at="2024-08-03T23:24:56 BDT" name="Surefire test" finished-at="2024-08-03T23:25:33 BDT" duration-ms="36976">
      <class name="com.qacart.todo.testCases.UserTest">
        <test-method is-config="true" signature="setup()[pri:0, instance:com.qacart.todo.testCases.UserTest@2e1d27ba]" started-at="2024-08-03T23:25:24 BDT" name="setup" finished-at="2024-08-03T23:25:27 BDT" duration-ms="3157" status="PASS">
          <reporter-output>
          </reporter-output>
        </test-method> <!-- setup -->
        <test-method signature="shouldBeAbleToRegisterToTheApplication()[pri:0, instance:com.qacart.todo.testCases.UserTest@2e1d27ba]" started-at="2024-08-03T23:25:27 BDT" name="shouldBeAbleToRegisterToTheApplication" finished-at="2024-08-03T23:25:32 BDT" duration-ms="4720" status="PASS">
          <reporter-output>
          </reporter-output>
        </test-method> <!-- shouldBeAbleToRegisterToTheApplication -->
        <test-method is-config="true" signature="tearDown()[pri:0, instance:com.qacart.todo.testCases.UserTest@2e1d27ba]" started-at="2024-08-03T23:25:32 BDT" name="tearDown" finished-at="2024-08-03T23:25:33 BDT" duration-ms="479" status="PASS">
          <reporter-output>
          </reporter-output>
        </test-method> <!-- tearDown -->
      </class> <!-- com.qacart.todo.testCases.UserTest -->
      <class name="com.qacart.todo.testCases.TodoTest">
        <test-method is-config="true" signature="setup()[pri:0, instance:com.qacart.todo.testCases.TodoTest@7e9131d5]" started-at="2024-08-03T23:24:56 BDT" name="setup" finished-at="2024-08-03T23:25:08 BDT" duration-ms="11893" status="PASS">
          <reporter-output>
          </reporter-output>
        </test-method> <!-- setup -->
        <test-method signature="shouldBeAbleToAddATodo()[pri:0, instance:com.qacart.todo.testCases.TodoTest@7e9131d5]" started-at="2024-08-03T23:25:08 BDT" name="shouldBeAbleToAddATodo" finished-at="2024-08-03T23:25:15 BDT" duration-ms="7108" status="PASS">
          <reporter-output>
          </reporter-output>
        </test-method> <!-- shouldBeAbleToAddATodo -->
        <test-method is-config="true" signature="tearDown()[pri:0, instance:com.qacart.todo.testCases.TodoTest@7e9131d5]" started-at="2024-08-03T23:25:15 BDT" name="tearDown" finished-at="2024-08-03T23:25:15 BDT" duration-ms="555" status="PASS">
          <reporter-output>
          </reporter-output>
        </test-method> <!-- tearDown -->
        <test-method is-config="true" signature="setup()[pri:0, instance:com.qacart.todo.testCases.TodoTest@7e9131d5]" started-at="2024-08-03T23:25:15 BDT" name="setup" finished-at="2024-08-03T23:25:18 BDT" duration-ms="2793" status="PASS">
          <reporter-output>
          </reporter-output>
        </test-method> <!-- setup -->
        <test-method signature="shouldBeAbleToDeleteTodo()[pri:0, instance:com.qacart.todo.testCases.TodoTest@7e9131d5]" started-at="2024-08-03T23:25:18 BDT" name="shouldBeAbleToDeleteTodo" finished-at="2024-08-03T23:25:24 BDT" duration-ms="5689" status="PASS">
          <reporter-output>
          </reporter-output>
        </test-method> <!-- shouldBeAbleToDeleteTodo -->
        <test-method is-config="true" signature="tearDown()[pri:0, instance:com.qacart.todo.testCases.TodoTest@7e9131d5]" started-at="2024-08-03T23:25:24 BDT" name="tearDown" finished-at="2024-08-03T23:25:24 BDT" duration-ms="495" status="PASS">
          <reporter-output>
          </reporter-output>
        </test-method> <!-- tearDown -->
      </class> <!-- com.qacart.todo.testCases.TodoTest -->
    </test> <!-- Surefire test -->
  </suite> <!-- Surefire suite -->
</testng-results>
